2023-08-20 11:52:00 INFO  org.jag.webserver.Main:51 - Starting org.jag.webserver.Main using Java 20.0.2 with PID 5432 (C:\Users\Kuro\IdeaProjects\Jag-Snake_Game\target\classes started by Kuro in C:\Users\Kuro\IdeaProjects\Jag-Snake_Game)
2023-08-20 11:52:00 INFO  org.jag.webserver.Main:632 - No active profile set, falling back to 1 default profile: "default"
2023-08-20 11:52:01 ERROR SpringApplication:822 - Application run failed
java.lang.IllegalArgumentException: Sources must not be empty
	at org.springframework.util.Assert.notEmpty(Assert.java:479)
	at org.springframework.boot.SpringApplication.prepareContext(SpringApplication.java:411)
	at org.springframework.boot.SpringApplication.run(SpringApplication.java:309)
	at org.jag.webserver.Main.main(org.jag.webserver.Main.java:6)
2023-08-20 11:52:56 INFO  org.jag.webserver.Main:51 - Starting org.jag.webserver.Main using Java 20.0.2 with PID 11560 (C:\Users\Kuro\IdeaProjects\Jag-Snake_Game\target\classes started by Kuro in C:\Users\Kuro\IdeaProjects\Jag-Snake_Game)
2023-08-20 11:52:56 INFO  org.jag.webserver.Main:632 - No active profile set, falling back to 1 default profile: "default"
2023-08-20 11:52:56 ERROR SpringApplication:822 - Application run failed
java.lang.IllegalArgumentException: Sources must not be empty
	at org.springframework.util.Assert.notEmpty(Assert.java:479)
	at org.springframework.boot.SpringApplication.prepareContext(SpringApplication.java:411)
	at org.springframework.boot.SpringApplication.run(SpringApplication.java:309)
	at org.jag.webserver.Main.main(org.jag.webserver.Main.java:6)
2023-08-20 11:54:33 INFO  Main:51 - Starting Main using Java 20.0.2 with PID 17188 (C:\Users\Kuro\IdeaProjects\Jag-Snake_Game\target\classes started by Kuro in C:\Users\Kuro\IdeaProjects\Jag-Snake_Game)
2023-08-20 11:54:33 INFO  Main:632 - No active profile set, falling back to 1 default profile: "default"
2023-08-20 11:54:33 ERROR SpringApplication:822 - Application run failed
java.lang.IllegalArgumentException: Sources must not be empty
	at org.springframework.util.Assert.notEmpty(Assert.java:479)
	at org.springframework.boot.SpringApplication.prepareContext(SpringApplication.java:411)
	at org.springframework.boot.SpringApplication.run(SpringApplication.java:309)
	at org.jag.webserver.Main.main(Main.java:10)
2023-08-20 11:55:16 INFO  Main:51 - Starting Main using Java 20.0.2 with PID 16824 (C:\Users\Kuro\IdeaProjects\Jag-Snake_Game\target\classes started by Kuro in C:\Users\Kuro\IdeaProjects\Jag-Snake_Game)
2023-08-20 11:55:16 INFO  Main:632 - No active profile set, falling back to 1 default profile: "default"
2023-08-20 11:55:17 INFO  TomcatWebServer:108 - Tomcat initialized with port(s): 8080 (http)
2023-08-20 11:55:17 INFO  ServletWebServerApplicationContext:291 - Root WebApplicationContext: initialization completed in 579 ms
2023-08-20 11:55:17 INFO  WelcomePageHandlerMapping:52 - Adding welcome page: class path resource [static/index.html]
2023-08-20 11:55:17 WARN  ThymeleafAutoConfiguration$DefaultTemplateResolverConfiguration:101 - Cannot find template location: classpath:/templates/ (please add some templates, check your Thymeleaf configuration, or set spring.thymeleaf.check-template-location=false)
2023-08-20 11:55:17 INFO  TomcatWebServer:220 - Tomcat started on port(s): 8080 (http) with context path ''
2023-08-20 11:55:17 INFO  Main:57 - Started Main in 1.1 seconds (process running for 1.499)
2023-08-20 11:56:09 INFO  DispatcherServlet:532 - Initializing Servlet 'dispatcherServlet'
2023-08-20 11:56:09 INFO  DispatcherServlet:554 - Completed initialization in 1 ms
2023-08-20 11:56:54 INFO  Main:51 - Starting Main using Java 20.0.2 with PID 13664 (C:\Users\Kuro\IdeaProjects\Jag-Snake_Game\target\classes started by Kuro in C:\Users\Kuro\IdeaProjects\Jag-Snake_Game)
2023-08-20 11:56:54 INFO  Main:632 - No active profile set, falling back to 1 default profile: "default"
2023-08-20 11:56:55 INFO  TomcatWebServer:108 - Tomcat initialized with port(s): 8080 (http)
2023-08-20 11:56:55 INFO  ServletWebServerApplicationContext:291 - Root WebApplicationContext: initialization completed in 564 ms
2023-08-20 11:56:55 INFO  WelcomePageHandlerMapping:52 - Adding welcome page: class path resource [static/index.html]
2023-08-20 11:56:55 WARN  ThymeleafAutoConfiguration$DefaultTemplateResolverConfiguration:101 - Cannot find template location: classpath:/templates/ (please add some templates, check your Thymeleaf configuration, or set spring.thymeleaf.check-template-location=false)
2023-08-20 11:56:55 INFO  TomcatWebServer:220 - Tomcat started on port(s): 8080 (http) with context path ''
2023-08-20 11:56:55 INFO  Main:57 - Started Main in 1.11 seconds (process running for 1.598)
2023-08-20 11:56:57 INFO  DispatcherServlet:532 - Initializing Servlet 'dispatcherServlet'
2023-08-20 11:56:57 INFO  DispatcherServlet:554 - Completed initialization in 0 ms
2023-08-20 11:57:35 WARN  DefaultHandlerExceptionResolver:207 - Resolved [org.springframework.web.HttpRequestMethodNotSupportedException: Request method 'GET' is not supported]
2023-08-20 11:58:44 WARN  LocalVariableTableParameterNameDiscoverer:123 - Using deprecated '-debug' fallback for parameter name resolution. Compile the affected code with '-parameters' instead or avoid its introspection: org.jag.webserver.SnakeGameController
2023-08-20 11:59:43 WARN  DefaultHandlerExceptionResolver:207 - Resolved [org.springframework.web.HttpRequestMethodNotSupportedException: Request method 'GET' is not supported]
